[debug] [2019-12-01T12:33:17.937Z] ----------------------------------------------------------------------
[debug] [2019-12-01T12:33:17.939Z] Command:       /usr/local/Cellar/node/13.2.0/bin/node /usr/local/bin/firebase emulators:start
[debug] [2019-12-01T12:33:17.939Z] CLI Version:   7.8.1
[debug] [2019-12-01T12:33:17.939Z] Platform:      darwin
[debug] [2019-12-01T12:33:17.939Z] Node Version:  v13.2.0
[debug] [2019-12-01T12:33:17.940Z] Time:          Sun Dec 01 2019 12:33:17 GMT+0000 (Greenwich Mean Time)
[debug] [2019-12-01T12:33:17.940Z] ----------------------------------------------------------------------
[debug] [2019-12-01T12:33:17.940Z] 
[debug] [2019-12-01T12:33:17.947Z] > command requires scopes: ["email","openid","https://www.googleapis.com/auth/cloudplatformprojects.readonly","https://www.googleapis.com/auth/firebase","https://www.googleapis.com/auth/cloud-platform"]
[debug] [2019-12-01T12:33:17.947Z] > authorizing via signed-in user
[info] i  emulators: Starting emulators: functions, firestore, hosting
[warn] ⚠  Your requested "node" version "8" doesn't match your global version "13"
[info] ✔  functions: Emulator started at http://localhost:5001
[info] i  firestore: Serving ALL traffic (including WebChannel) on http://localhost:8080
[warn] ⚠  firestore: Support for WebChannel on a separate port (8081) is DEPRECATED and will go away soon. Please use port above instead.
[debug] [2019-12-01T12:33:18.234Z] Ignoring unsupported arg: projectId
[debug] [2019-12-01T12:33:18.234Z] Ignoring unsupported arg: auto_download
[debug] [2019-12-01T12:33:18.234Z] Starting emulator firestore with command {"binary":"java","args":["-Duser.language=en","-jar","/Users/shinjiwon/.cache/firebase/emulators/cloud-firestore-emulator-v1.10.2.jar","--host","localhost","--port",8080,"--rules","/Users/shinjiwon/fitc/firestore.rules","--functions_emulator","localhost:5001","--webchannel_port",8081],"optionalArgs":["port","webchannel_port","host","rules","functions_emulator"],"joinArgs":false}
[info] i  firestore: Emulator logging to firestore-debug.log
[debug] [2019-12-01T12:33:19.310Z] API endpoint: http://localhost
[debug] [2019-12-01T12:33:19.310Z] :8080
If you are using a library that supports the FIRESTORE_EMULATOR_HOST environment variable, run:

   export FIRESTORE_EMULATOR_HOST=localhost:8080

Dev App Server is now running.


[info] ✔  firestore: Emulator started at http://localhost:8080
[info] i  firestore: For testing set FIRESTORE_EMULATOR_HOST=localhost:8080
[debug] [2019-12-01T12:33:19.514Z] > refreshing access token with scopes: ["email","https://www.googleapis.com/auth/cloud-platform","https://www.googleapis.com/auth/cloudplatformprojects.readonly","https://www.googleapis.com/auth/firebase","openid"]
[debug] [2019-12-01T12:33:19.515Z] >>> HTTP REQUEST POST https://www.googleapis.com/oauth2/v3/token  
 <request body omitted>
[debug] [2019-12-01T12:33:19.791Z] <<< HTTP RESPONSE 200
[debug] [2019-12-01T12:33:19.802Z] >>> HTTP REQUEST GET https://firebase.googleapis.com/v1beta1/projects/foosball-seo/webApps/-/config  
 
[debug] [2019-12-01T12:33:20.577Z] Dec 01, 2019 12:33:20 PM io.gapi.emulators.netty.HttpVersionRoutingHandler channelRead
INFO: Detected non-HTTP/2 connection.

[debug] [2019-12-01T12:33:20.672Z] Dec 01, 2019 12:33:20 PM com.google.cloud.datastore.emulator.impl.context.EmulatorAuthorization warnAboutSecuredJwt
WARNING: expected an unsecured JWT, the emulator does not validate JWTs and IS NOT SECURE

[debug] [2019-12-01T12:33:21.005Z] <<< HTTP RESPONSE 200
[info] i  hosting: Serving hosting files from: public
[info] ✔  hosting: Local server: http://localhost:5000
[debug] [2019-12-01T12:33:21.231Z] Dec 01, 2019 12:33:21 PM io.gapi.emulators.netty.HttpVersionRoutingHandler channelRead
INFO: Detected non-HTTP/2 connection.

[info] ✔  hosting: Emulator started at http://localhost:5000
[info] i  functions: Watching "/Users/shinjiwon/fitc/functions" for Cloud Functions...
[debug] [2019-12-01T12:33:21.286Z] [worker-~diagnostic~-8744441f-a187-4359-8ee4-3d04a95d95e4]: Assigning socketPath: /var/folders/1c/9rc4l__n35qcll8yt2p3vkj400jlpf/T/fire_emu_55665.sock
[debug] [2019-12-01T12:33:21.286Z] [worker-~diagnostic~-8744441f-a187-4359-8ee4-3d04a95d95e4]: BUSY
[debug] [2019-12-01T12:33:21.503Z] [runtime-status] [55665] Functions runtime initialized. {"cwd":"/Users/shinjiwon/fitc/functions","node_version":"13.2.0"}
[debug] [2019-12-01T12:33:21.504Z] [runtime-status] [55665] Disabled runtime features: undefined
[debug] [2019-12-01T12:33:21.508Z] [runtime-status] [55665] Resolved module firebase-admin {"declared":true,"installed":true,"version":"8.8.0","resolution":"/Users/shinjiwon/fitc/functions/node_modules/firebase-admin/lib/index.js"}
[debug] [2019-12-01T12:33:21.510Z] [runtime-status] [55665] Resolved module firebase-functions {"declared":true,"installed":true,"version":"3.3.0","resolution":"/Users/shinjiwon/fitc/functions/node_modules/firebase-functions/lib/index.js"}
[debug] [2019-12-01T12:33:21.999Z] [runtime-status] [55665] Found google-gax at /Users/shinjiwon/fitc/functions/node_modules/google-gax/build/src/index.js
[debug] [2019-12-01T12:33:21.999Z] [runtime-status] [55665] Outgoing network have been stubbed. [{"name":"http","status":"mocked"},{"name":"http","status":"mocked"},{"name":"https","status":"mocked"},{"name":"https","status":"mocked"},{"name":"net","status":"mocked"},{"name":"google-gax","status":"mocked"}]
[debug] [2019-12-01T12:33:22.070Z] [runtime-status] [55665] Checked functions.config() {"config":{}}
[debug] [2019-12-01T12:33:22.070Z] [runtime-status] [55665] Resolved module firebase-functions {"declared":true,"installed":true,"version":"3.3.0","resolution":"/Users/shinjiwon/fitc/functions/node_modules/firebase-functions/lib/index.js"}
[debug] [2019-12-01T12:33:22.071Z] [runtime-status] [55665] Resolved module firebase-admin {"declared":true,"installed":true,"version":"8.8.0","resolution":"/Users/shinjiwon/fitc/functions/node_modules/firebase-admin/lib/index.js"}
[debug] [2019-12-01T12:33:22.071Z] [runtime-status] [55665] Resolved module firebase-functions {"declared":true,"installed":true,"version":"3.3.0","resolution":"/Users/shinjiwon/fitc/functions/node_modules/firebase-functions/lib/index.js"}
[debug] [2019-12-01T12:33:22.159Z] [runtime-status] [55665] firebase-admin has been stubbed. {"adminResolution":{"declared":true,"installed":true,"version":"8.8.0","resolution":"/Users/shinjiwon/fitc/functions/node_modules/firebase-admin/lib/index.js"}}
[debug] [2019-12-01T12:33:22.166Z] [runtime-status] [55665] initializeApp(DEFAULT) {"databaseURL":"https://foosball-seo.firebaseio.com","storageBucket":"foosball-seo.appspot.com","projectId":"foosball-seo"}
[debug] [2019-12-01T12:33:22.306Z] Unsupported trigger: {"eventTrigger":{"resource":"projects/foosball-seo","eventType":"providers/firebase.auth/eventTypes/user.create","service":"firebaseauth.googleapis.com"},"name":"onUserCreate","entryPoint":"onUserCreate"}
[debug] [2019-12-01T12:33:22.306Z] addFirestoreTrigger "{\"eventTrigger\":{\"resource\":\"projects/foosball-seo/databases/(default)/documents/tables/{tableId}/records/{recordId}\",\"eventType\":\"providers/cloud.firestore/eventTypes/document.create\",\"service\":\"firestore.googleapis.com\"}}"
[debug] [2019-12-01T12:33:22.310Z] Dec 01, 2019 12:33:22 PM io.gapi.emulators.netty.HttpVersionRoutingHandler channelRead
INFO: Detected non-HTTP/2 connection.

[debug] [2019-12-01T12:33:22.322Z] [worker-~diagnostic~-8744441f-a187-4359-8ee4-3d04a95d95e4]: exited
[debug] [2019-12-01T12:33:22.323Z] [worker-~diagnostic~-8744441f-a187-4359-8ee4-3d04a95d95e4]: FINISHED
[debug] [2019-12-01T12:33:22.390Z] Dec 01, 2019 12:33:22 PM io.gapi.emulators.netty.HttpVersionRoutingHandler channelRead
INFO: Detected HTTP/2 connection.

[debug] [2019-12-01T12:33:22.471Z] addFirestoreTrigger "{\"eventTrigger\":{\"resource\":\"projects/foosball-seo/databases/(default)/documents/events/{eventId}\",\"eventType\":\"providers/cloud.firestore/eventTypes/document.create\",\"service\":\"firestore.googleapis.com\"}}"
[debug] [2019-12-01T12:33:22.474Z] Dec 01, 2019 12:33:22 PM io.gapi.emulators.netty.HttpVersionRoutingHandler channelRead
INFO: Detected non-HTTP/2 connection.

[info] ✔  functions[onGameRecordCreate]: firestore function initialized.
[info] ✔  functions[onEventCreate]: firestore function initialized.
[info] i  functions[onUserCreate]: function ignored because the firebaseauth.googleapis.com emulator does not exist or is not running.
[info] ✔  All emulators started, it is now safe to connect.
[debug] [2019-12-01T12:33:34.479Z] Dec 01, 2019 12:33:34 PM io.gapi.emulators.netty.HttpVersionRoutingHandler channelRead
INFO: Detected non-HTTP/2 connection.

[debug] [2019-12-01T12:33:34.484Z] Dec 01, 2019 12:33:34 PM com.google.cloud.datastore.emulator.impl.context.EmulatorAuthorization warnAboutSecuredJwt
WARNING: expected an unsecured JWT, the emulator does not validate JWTs and IS NOT SECURE

[debug] [2019-12-01T12:33:34.504Z] Dec 01, 2019 12:33:34 PM io.gapi.emulators.netty.HttpVersionRoutingHandler channelRead
INFO: Detected non-HTTP/2 connection.

[debug] [2019-12-01T12:33:37.002Z] Dec 01, 2019 12:33:37 PM io.gapi.emulators.netty.HttpVersionRoutingHandler channelRead
INFO: Detected non-HTTP/2 connection.

[debug] [2019-12-01T12:33:37.008Z] Dec 01, 2019 12:33:37 PM com.google.cloud.datastore.emulator.impl.context.EmulatorAuthorization warnAboutSecuredJwt
WARNING: expected an unsecured JWT, the emulator does not validate JWTs and IS NOT SECURE

[debug] [2019-12-01T12:33:37.028Z] Dec 01, 2019 12:33:37 PM io.gapi.emulators.netty.HttpVersionRoutingHandler channelRead
INFO: Detected non-HTTP/2 connection.

[debug] [2019-12-01T12:34:14.642Z] Dec 01, 2019 12:34:14 PM io.gapi.emulators.netty.HttpVersionRoutingHandler channelRead
INFO: Detected non-HTTP/2 connection.

[debug] [2019-12-01T12:34:14.647Z] Dec 01, 2019 12:34:14 PM com.google.cloud.datastore.emulator.impl.context.EmulatorAuthorization warnAboutSecuredJwt
WARNING: expected an unsecured JWT, the emulator does not validate JWTs and IS NOT SECURE

[debug] [2019-12-01T12:34:14.664Z] Dec 01, 2019 12:34:14 PM io.gapi.emulators.netty.HttpVersionRoutingHandler channelRead
INFO: Detected non-HTTP/2 connection.

[debug] [2019-12-01T12:34:22.728Z] Dec 01, 2019 12:34:22 PM io.gapi.emulators.netty.HttpVersionRoutingHandler channelRead
INFO: Detected non-HTTP/2 connection.

[debug] [2019-12-01T12:34:22.732Z] Dec 01, 2019 12:34:22 PM com.google.cloud.datastore.emulator.impl.context.EmulatorAuthorization warnAboutSecuredJwt
WARNING: expected an unsecured JWT, the emulator does not validate JWTs and IS NOT SECURE

[debug] [2019-12-01T12:34:22.750Z] Dec 01, 2019 12:34:22 PM io.gapi.emulators.netty.HttpVersionRoutingHandler channelRead
INFO: Detected non-HTTP/2 connection.

[debug] [2019-12-01T12:34:28.167Z] Dec 01, 2019 12:34:28 PM io.gapi.emulators.netty.HttpVersionRoutingHandler channelRead
INFO: Detected non-HTTP/2 connection.

[debug] [2019-12-01T12:34:28.172Z] Dec 01, 2019 12:34:28 PM com.google.cloud.datastore.emulator.impl.context.EmulatorAuthorization warnAboutSecuredJwt
WARNING: expected an unsecured JWT, the emulator does not validate JWTs and IS NOT SECURE

[debug] [2019-12-01T12:34:28.190Z] Dec 01, 2019 12:34:28 PM io.gapi.emulators.netty.HttpVersionRoutingHandler channelRead
INFO: Detected non-HTTP/2 connection.

[debug] [2019-12-01T12:35:13.551Z] Dec 01, 2019 12:35:13 PM io.gapi.emulators.netty.HttpVersionRoutingHandler channelRead
INFO: Detected non-HTTP/2 connection.

[debug] [2019-12-01T12:35:27.174Z] Dec 01, 2019 12:35:27 PM io.gapi.emulators.netty.HttpVersionRoutingHandler channelRead
INFO: Detected HTTP/2 connection.

[debug] [2019-12-01T12:35:42.651Z] Dec 01, 2019 12:35:42 PM io.gapi.emulators.netty.HttpVersionRoutingHandler channelRead
INFO: Detected non-HTTP/2 connection.

[debug] [2019-12-01T12:35:42.655Z] Dec 01, 2019 12:35:42 PM com.google.cloud.datastore.emulator.impl.context.EmulatorAuthorization warnAboutSecuredJwt
WARNING: expected an unsecured JWT, the emulator does not validate JWTs and IS NOT SECURE

[debug] [2019-12-01T12:35:42.674Z] Dec 01, 2019 12:35:42 PM io.gapi.emulators.netty.HttpVersionRoutingHandler channelRead
INFO: Detected non-HTTP/2 connection.

[debug] [2019-12-01T12:36:16.609Z] Dec 01, 2019 12:36:16 PM io.gapi.emulators.netty.HttpVersionRoutingHandler channelRead
INFO: Detected non-HTTP/2 connection.

[debug] [2019-12-01T12:36:16.614Z] Dec 01, 2019 12:36:16 PM com.google.cloud.datastore.emulator.impl.context.EmulatorAuthorization warnAboutSecuredJwt
WARNING: expected an unsecured JWT, the emulator does not validate JWTs and IS NOT SECURE

[debug] [2019-12-01T12:36:16.633Z] Dec 01, 2019 12:36:16 PM io.gapi.emulators.netty.HttpVersionRoutingHandler channelRead
INFO: Detected non-HTTP/2 connection.

[debug] [2019-12-01T12:36:20.009Z] Dec 01, 2019 12:36:20 PM io.gapi.emulators.netty.HttpVersionRoutingHandler channelRead
INFO: Detected non-HTTP/2 connection.

[debug] [2019-12-01T12:36:20.013Z] Dec 01, 2019 12:36:20 PM com.google.cloud.datastore.emulator.impl.context.EmulatorAuthorization warnAboutSecuredJwt
WARNING: expected an unsecured JWT, the emulator does not validate JWTs and IS NOT SECURE

[debug] [2019-12-01T12:36:20.030Z] Dec 01, 2019 12:36:20 PM io.gapi.emulators.netty.HttpVersionRoutingHandler channelRead
INFO: Detected non-HTTP/2 connection.

[debug] [2019-12-01T12:36:40.407Z] Dec 01, 2019 12:36:40 PM io.gapi.emulators.netty.HttpVersionRoutingHandler channelRead
INFO: Detected non-HTTP/2 connection.

[debug] [2019-12-01T12:36:40.410Z] Dec 01, 2019 12:36:40 PM com.google.cloud.datastore.emulator.impl.context.EmulatorAuthorization warnAboutSecuredJwt
WARNING: expected an unsecured JWT, the emulator does not validate JWTs and IS NOT SECURE

[debug] [2019-12-01T12:36:40.428Z] Dec 01, 2019 12:36:40 PM io.gapi.emulators.netty.HttpVersionRoutingHandler channelRead
INFO: Detected non-HTTP/2 connection.

[debug] [2019-12-01T12:36:44.664Z] Dec 01, 2019 12:36:44 PM io.gapi.emulators.netty.HttpVersionRoutingHandler channelRead
INFO: Detected non-HTTP/2 connection.

[debug] [2019-12-01T12:36:44.669Z] Dec 01, 2019 12:36:44 PM com.google.cloud.datastore.emulator.impl.context.EmulatorAuthorization warnAboutSecuredJwt
WARNING: expected an unsecured JWT, the emulator does not validate JWTs and IS NOT SECURE

[debug] [2019-12-01T12:36:44.681Z] Dec 01, 2019 12:36:44 PM io.gapi.emulators.netty.HttpVersionRoutingHandler channelRead
INFO: Detected non-HTTP/2 connection.

[debug] [2019-12-01T12:36:44.691Z] Dec 01, 2019 12:36:44 PM io.gapi.emulators.netty.HttpVersionRoutingHandler channelRead
INFO: Detected non-HTTP/2 connection.

[debug] [2019-12-01T12:36:48.518Z] Dec 01, 2019 12:36:48 PM io.gapi.emulators.netty.HttpVersionRoutingHandler channelRead
INFO: Detected non-HTTP/2 connection.

[debug] [2019-12-01T12:36:48.763Z] Dec 01, 2019 12:36:48 PM io.gapi.emulators.netty.HttpVersionRoutingHandler channelRead
INFO: Detected non-HTTP/2 connection.

[debug] [2019-12-01T12:36:50.428Z] Dec 01, 2019 12:36:50 PM io.gapi.emulators.netty.HttpVersionRoutingHandler channelRead
INFO: Detected non-HTTP/2 connection.

[debug] [2019-12-01T12:36:52.262Z] Dec 01, 2019 12:36:52 PM io.gapi.emulators.netty.HttpVersionRoutingHandler channelRead
INFO: Detected non-HTTP/2 connection.

[debug] [2019-12-01T12:37:00.596Z] Dec 01, 2019 12:37:00 PM io.gapi.emulators.netty.HttpVersionRoutingHandler channelRead
INFO: Detected non-HTTP/2 connection.

[debug] [2019-12-01T12:37:02.698Z] Dec 01, 2019 12:37:02 PM io.gapi.emulators.netty.HttpVersionRoutingHandler channelRead
INFO: Detected non-HTTP/2 connection.

[debug] [2019-12-01T12:37:32.727Z] Dec 01, 2019 12:37:32 PM io.gapi.emulators.netty.HttpVersionRoutingHandler channelRead
INFO: Detected non-HTTP/2 connection.

[debug] [2019-12-01T12:37:32.732Z] Dec 01, 2019 12:37:32 PM io.gapi.emulators.netty.HttpVersionRoutingHandler channelRead
INFO: Detected non-HTTP/2 connection.

[debug] [2019-12-01T12:38:04.072Z] Dec 01, 2019 12:38:04 PM io.gapi.emulators.netty.HttpVersionRoutingHandler channelRead
INFO: Detected non-HTTP/2 connection.

[debug] [2019-12-01T12:38:04.077Z] Dec 01, 2019 12:38:04 PM com.google.cloud.datastore.emulator.firestore.webchannel.FirestoreV1WebChannelAdapter$FirestoreWriteHandler onClose
INFO: channel closed

[debug] [2019-12-01T12:38:18.005Z] Dec 01, 2019 12:38:18 PM io.gapi.emulators.netty.HttpVersionRoutingHandler channelRead
INFO: Detected non-HTTP/2 connection.

[debug] [2019-12-01T12:39:13.937Z] Dec 01, 2019 12:39:13 PM io.gapi.emulators.netty.HttpVersionRoutingHandler channelRead
INFO: Detected non-HTTP/2 connection.

[debug] [2019-12-01T12:39:13.940Z] Dec 01, 2019 12:39:13 PM com.google.cloud.datastore.emulator.impl.context.EmulatorAuthorization warnAboutSecuredJwt
WARNING: expected an unsecured JWT, the emulator does not validate JWTs and IS NOT SECURE

[debug] [2019-12-01T12:39:13.946Z] Dec 01, 2019 12:39:13 PM io.gapi.emulators.netty.HttpVersionRoutingHandler channelRead
INFO: Detected non-HTTP/2 connection.

[debug] [2019-12-01T12:39:13.952Z] Dec 01, 2019 12:39:13 PM io.gapi.emulators.netty.HttpVersionRoutingHandler channelRead
INFO: Detected non-HTTP/2 connection.

[debug] [2019-12-01T12:39:13.967Z] Dec 01, 2019 12:39:13 PM io.gapi.emulators.netty.HttpVersionRoutingHandler channelRead
INFO: Detected non-HTTP/2 connection.

[debug] [2019-12-01T12:39:17.811Z] Dec 01, 2019 12:39:17 PM io.gapi.emulators.netty.HttpVersionRoutingHandler channelRead
INFO: Detected non-HTTP/2 connection.

[debug] [2019-12-01T12:40:04.216Z] Dec 01, 2019 12:40:04 PM io.gapi.emulators.netty.HttpVersionRoutingHandler channelRead
INFO: Detected non-HTTP/2 connection.

[debug] [2019-12-01T12:40:17.836Z] Dec 01, 2019 12:40:17 PM io.gapi.emulators.netty.HttpVersionRoutingHandler channelRead
INFO: Detected non-HTTP/2 connection.

[debug] [2019-12-01T12:40:17.840Z] Dec 01, 2019 12:40:17 PM io.gapi.emulators.netty.HttpVersionRoutingHandler channelRead
INFO: Detected non-HTTP/2 connection.

[debug] [2019-12-01T12:40:17.841Z] Dec 01, 2019 12:40:17 PM com.google.cloud.datastore.emulator.firestore.webchannel.FirestoreV1WebChannelAdapter$FirestoreWriteHandler onClose
INFO: channel closed

[debug] [2019-12-01T12:41:33.607Z] Dec 01, 2019 12:41:33 PM io.gapi.emulators.netty.HttpVersionRoutingHandler channelRead
INFO: Detected non-HTTP/2 connection.

[debug] [2019-12-01T12:41:41.626Z] Dec 01, 2019 12:41:41 PM io.gapi.emulators.netty.HttpVersionRoutingHandler channelRead
INFO: Detected non-HTTP/2 connection.

[debug] [2019-12-01T12:41:41.628Z] Dec 01, 2019 12:41:41 PM com.google.cloud.datastore.emulator.impl.context.EmulatorAuthorization warnAboutSecuredJwt
WARNING: expected an unsecured JWT, the emulator does not validate JWTs and IS NOT SECURE

[debug] [2019-12-01T12:41:41.644Z] Dec 01, 2019 12:41:41 PM io.gapi.emulators.netty.HttpVersionRoutingHandler channelRead
INFO: Detected non-HTTP/2 connection.

[debug] [2019-12-01T12:41:45.621Z] Dec 01, 2019 12:41:45 PM io.gapi.emulators.netty.HttpVersionRoutingHandler channelRead
INFO: Detected non-HTTP/2 connection.

[debug] [2019-12-01T12:41:45.624Z] Dec 01, 2019 12:41:45 PM com.google.cloud.datastore.emulator.impl.context.EmulatorAuthorization warnAboutSecuredJwt
WARNING: expected an unsecured JWT, the emulator does not validate JWTs and IS NOT SECURE

[debug] [2019-12-01T12:41:45.630Z] Dec 01, 2019 12:41:45 PM io.gapi.emulators.netty.HttpVersionRoutingHandler channelRead
INFO: Detected non-HTTP/2 connection.

[debug] [2019-12-01T12:41:45.638Z] Dec 01, 2019 12:41:45 PM io.gapi.emulators.netty.HttpVersionRoutingHandler channelRead
INFO: Detected non-HTTP/2 connection.

[debug] [2019-12-01T12:41:46.714Z] Dec 01, 2019 12:41:46 PM io.gapi.emulators.netty.HttpVersionRoutingHandler channelRead
INFO: Detected non-HTTP/2 connection.

[debug] [2019-12-01T12:42:32.115Z] Dec 01, 2019 12:42:32 PM io.gapi.emulators.netty.HttpVersionRoutingHandler channelRead
INFO: Detected non-HTTP/2 connection.

[debug] [2019-12-01T12:42:46.738Z] Dec 01, 2019 12:42:46 PM io.gapi.emulators.netty.HttpVersionRoutingHandler channelRead
INFO: Detected non-HTTP/2 connection.

[debug] [2019-12-01T12:42:46.742Z] Dec 01, 2019 12:42:46 PM com.google.cloud.datastore.emulator.firestore.webchannel.FirestoreV1WebChannelAdapter$FirestoreWriteHandler onClose
INFO: channel closed
Dec 01, 2019 12:42:46 PM io.gapi.emulators.netty.HttpVersionRoutingHandler channelRead
INFO: Detected non-HTTP/2 connection.

[debug] [2019-12-01T12:43:36.320Z] Dec 01, 2019 12:43:36 PM io.gapi.emulators.netty.HttpVersionRoutingHandler channelRead
INFO: Detected non-HTTP/2 connection.

[debug] [2019-12-01T12:43:36.323Z] Dec 01, 2019 12:43:36 PM com.google.cloud.datastore.emulator.impl.context.EmulatorAuthorization warnAboutSecuredJwt
WARNING: expected an unsecured JWT, the emulator does not validate JWTs and IS NOT SECURE

[debug] [2019-12-01T12:43:36.330Z] Dec 01, 2019 12:43:36 PM io.gapi.emulators.netty.HttpVersionRoutingHandler channelRead
INFO: Detected non-HTTP/2 connection.

[debug] [2019-12-01T12:43:36.336Z] Dec 01, 2019 12:43:36 PM io.gapi.emulators.netty.HttpVersionRoutingHandler channelRead
INFO: Detected non-HTTP/2 connection.

[debug] [2019-12-01T12:43:36.354Z] Dec 01, 2019 12:43:36 PM io.gapi.emulators.netty.HttpVersionRoutingHandler channelRead
INFO: Detected non-HTTP/2 connection.

[debug] [2019-12-01T12:43:39.515Z] Dec 01, 2019 12:43:39 PM io.gapi.emulators.netty.HttpVersionRoutingHandler channelRead
INFO: Detected non-HTTP/2 connection.

[debug] [2019-12-01T12:44:40.065Z] Dec 01, 2019 12:44:40 PM io.gapi.emulators.netty.HttpVersionRoutingHandler channelRead
INFO: Detected non-HTTP/2 connection.

[debug] [2019-12-01T12:44:40.069Z] Dec 01, 2019 12:44:40 PM com.google.cloud.datastore.emulator.firestore.webchannel.FirestoreV1WebChannelAdapter$FirestoreWriteHandler onClose
INFO: channel closed

[debug] [2019-12-01T12:44:55.124Z] Dec 01, 2019 12:44:55 PM io.gapi.emulators.netty.HttpVersionRoutingHandler channelRead
INFO: Detected non-HTTP/2 connection.

[debug] [2019-12-01T12:45:55.140Z] Dec 01, 2019 12:45:55 PM io.gapi.emulators.netty.HttpVersionRoutingHandler channelRead
INFO: Detected non-HTTP/2 connection.

[debug] [2019-12-01T12:47:10.505Z] Dec 01, 2019 12:47:10 PM io.gapi.emulators.netty.HttpVersionRoutingHandler channelRead
INFO: Detected non-HTTP/2 connection.

[debug] [2019-12-01T12:48:26.812Z] Dec 01, 2019 12:48:26 PM io.gapi.emulators.netty.HttpVersionRoutingHandler channelRead
INFO: Detected non-HTTP/2 connection.

[debug] [2019-12-01T12:49:42.798Z] Dec 01, 2019 12:49:42 PM io.gapi.emulators.netty.HttpVersionRoutingHandler channelRead
INFO: Detected non-HTTP/2 connection.

[debug] [2019-12-01T12:50:42.817Z] Dec 01, 2019 12:50:42 PM io.gapi.emulators.netty.HttpVersionRoutingHandler channelRead
INFO: Detected non-HTTP/2 connection.

[debug] [2019-12-01T12:51:28.974Z] Dec 01, 2019 12:51:28 PM io.gapi.emulators.netty.HttpVersionRoutingHandler channelRead
INFO: Detected non-HTTP/2 connection.

[debug] [2019-12-01T12:52:29.007Z] Dec 01, 2019 12:52:29 PM io.gapi.emulators.netty.HttpVersionRoutingHandler channelRead
INFO: Detected non-HTTP/2 connection.

[debug] [2019-12-01T12:53:29.023Z] Dec 01, 2019 12:53:29 PM io.gapi.emulators.netty.HttpVersionRoutingHandler channelRead
INFO: Detected non-HTTP/2 connection.

[debug] [2019-12-01T12:54:29.038Z] Dec 01, 2019 12:54:29 PM io.gapi.emulators.netty.HttpVersionRoutingHandler channelRead
INFO: Detected non-HTTP/2 connection.

[debug] [2019-12-01T12:54:58.879Z] Dec 01, 2019 12:54:58 PM io.gapi.emulators.netty.HttpVersionRoutingHandler channelRead
INFO: Detected non-HTTP/2 connection.

[debug] [2019-12-01T12:54:58.881Z] Dec 01, 2019 12:54:58 PM com.google.cloud.datastore.emulator.impl.context.EmulatorAuthorization warnAboutSecuredJwt
WARNING: expected an unsecured JWT, the emulator does not validate JWTs and IS NOT SECURE

[debug] [2019-12-01T12:54:58.896Z] Dec 01, 2019 12:54:58 PM io.gapi.emulators.netty.HttpVersionRoutingHandler channelRead
INFO: Detected non-HTTP/2 connection.

[debug] [2019-12-01T12:55:11.888Z] Dec 01, 2019 12:55:11 PM io.gapi.emulators.netty.HttpVersionRoutingHandler channelRead
INFO: Detected non-HTTP/2 connection.

[debug] [2019-12-01T12:55:11.890Z] Dec 01, 2019 12:55:11 PM com.google.cloud.datastore.emulator.impl.context.EmulatorAuthorization warnAboutSecuredJwt
WARNING: expected an unsecured JWT, the emulator does not validate JWTs and IS NOT SECURE

[debug] [2019-12-01T12:55:11.906Z] Dec 01, 2019 12:55:11 PM io.gapi.emulators.netty.HttpVersionRoutingHandler channelRead
INFO: Detected non-HTTP/2 connection.

[debug] [2019-12-01T12:56:07.005Z] Dec 01, 2019 12:56:07 PM io.gapi.emulators.netty.HttpVersionRoutingHandler channelRead
INFO: Detected non-HTTP/2 connection.

[debug] [2019-12-01T12:56:07.008Z] Dec 01, 2019 12:56:07 PM com.google.cloud.datastore.emulator.impl.context.EmulatorAuthorization warnAboutSecuredJwt
WARNING: expected an unsecured JWT, the emulator does not validate JWTs and IS NOT SECURE

[debug] [2019-12-01T12:56:07.023Z] Dec 01, 2019 12:56:07 PM io.gapi.emulators.netty.HttpVersionRoutingHandler channelRead
INFO: Detected non-HTTP/2 connection.

[debug] [2019-12-01T12:57:07.040Z] Dec 01, 2019 12:57:07 PM io.gapi.emulators.netty.HttpVersionRoutingHandler channelRead
INFO: Detected non-HTTP/2 connection.

[debug] [2019-12-01T12:58:07.058Z] Dec 01, 2019 12:58:07 PM io.gapi.emulators.netty.HttpVersionRoutingHandler channelRead
INFO: Detected non-HTTP/2 connection.

[debug] [2019-12-01T12:59:22.476Z] Dec 01, 2019 12:59:22 PM io.gapi.emulators.netty.HttpVersionRoutingHandler channelRead
INFO: Detected non-HTTP/2 connection.

[debug] [2019-12-01T13:00:22.491Z] Dec 01, 2019 1:00:22 PM io.gapi.emulators.netty.HttpVersionRoutingHandler channelRead
INFO: Detected non-HTTP/2 connection.

[debug] [2019-12-01T13:04:49.577Z] Dec 01, 2019 1:04:49 PM io.gapi.emulators.netty.HttpVersionRoutingHandler channelRead
INFO: Detected non-HTTP/2 connection.

[debug] [2019-12-01T13:04:49.580Z] Dec 01, 2019 1:04:49 PM com.google.cloud.datastore.emulator.impl.context.EmulatorAuthorization warnAboutSecuredJwt
WARNING: expected an unsecured JWT, the emulator does not validate JWTs and IS NOT SECURE

[debug] [2019-12-01T13:04:49.594Z] Dec 01, 2019 1:04:49 PM io.gapi.emulators.netty.HttpVersionRoutingHandler channelRead
INFO: Detected non-HTTP/2 connection.

[debug] [2019-12-01T13:04:56.569Z] Dec 01, 2019 1:04:56 PM io.gapi.emulators.netty.HttpVersionRoutingHandler channelRead
INFO: Detected non-HTTP/2 connection.

[debug] [2019-12-01T13:04:56.572Z] Dec 01, 2019 1:04:56 PM com.google.cloud.datastore.emulator.impl.context.EmulatorAuthorization warnAboutSecuredJwt
WARNING: expected an unsecured JWT, the emulator does not validate JWTs and IS NOT SECURE

[debug] [2019-12-01T13:04:56.587Z] Dec 01, 2019 1:04:56 PM io.gapi.emulators.netty.HttpVersionRoutingHandler channelRead
INFO: Detected non-HTTP/2 connection.

[debug] [2019-12-01T13:05:37.527Z] Dec 01, 2019 1:05:37 PM io.gapi.emulators.netty.HttpVersionRoutingHandler channelRead
INFO: Detected non-HTTP/2 connection.

[debug] [2019-12-01T13:05:37.530Z] Dec 01, 2019 1:05:37 PM com.google.cloud.datastore.emulator.impl.context.EmulatorAuthorization warnAboutSecuredJwt
WARNING: expected an unsecured JWT, the emulator does not validate JWTs and IS NOT SECURE

[debug] [2019-12-01T13:05:37.545Z] Dec 01, 2019 1:05:37 PM io.gapi.emulators.netty.HttpVersionRoutingHandler channelRead
INFO: Detected non-HTTP/2 connection.

[debug] [2019-12-01T13:05:48.757Z] Dec 01, 2019 1:05:48 PM io.gapi.emulators.netty.HttpVersionRoutingHandler channelRead
INFO: Detected non-HTTP/2 connection.

[debug] [2019-12-01T13:05:48.759Z] Dec 01, 2019 1:05:48 PM com.google.cloud.datastore.emulator.impl.context.EmulatorAuthorization warnAboutSecuredJwt
WARNING: expected an unsecured JWT, the emulator does not validate JWTs and IS NOT SECURE

[debug] [2019-12-01T13:05:48.774Z] Dec 01, 2019 1:05:48 PM io.gapi.emulators.netty.HttpVersionRoutingHandler channelRead
INFO: Detected non-HTTP/2 connection.

[debug] [2019-12-01T13:06:05.472Z] Dec 01, 2019 1:06:05 PM io.gapi.emulators.netty.HttpVersionRoutingHandler channelRead
INFO: Detected non-HTTP/2 connection.

[debug] [2019-12-01T13:06:05.475Z] Dec 01, 2019 1:06:05 PM com.google.cloud.datastore.emulator.impl.context.EmulatorAuthorization warnAboutSecuredJwt
WARNING: expected an unsecured JWT, the emulator does not validate JWTs and IS NOT SECURE

[debug] [2019-12-01T13:06:05.492Z] Dec 01, 2019 1:06:05 PM io.gapi.emulators.netty.HttpVersionRoutingHandler channelRead
INFO: Detected non-HTTP/2 connection.

[debug] [2019-12-01T13:06:08.561Z] Dec 01, 2019 1:06:08 PM io.gapi.emulators.netty.HttpVersionRoutingHandler channelRead
INFO: Detected non-HTTP/2 connection.

[debug] [2019-12-01T13:06:08.564Z] Dec 01, 2019 1:06:08 PM com.google.cloud.datastore.emulator.impl.context.EmulatorAuthorization warnAboutSecuredJwt
WARNING: expected an unsecured JWT, the emulator does not validate JWTs and IS NOT SECURE

[debug] [2019-12-01T13:06:08.576Z] Dec 01, 2019 1:06:08 PM io.gapi.emulators.netty.HttpVersionRoutingHandler channelRead
INFO: Detected non-HTTP/2 connection.

[debug] [2019-12-01T13:06:18.240Z] Dec 01, 2019 1:06:18 PM io.gapi.emulators.netty.HttpVersionRoutingHandler channelRead
INFO: Detected non-HTTP/2 connection.

[debug] [2019-12-01T13:06:18.243Z] Dec 01, 2019 1:06:18 PM com.google.cloud.datastore.emulator.impl.context.EmulatorAuthorization warnAboutSecuredJwt
WARNING: expected an unsecured JWT, the emulator does not validate JWTs and IS NOT SECURE

[debug] [2019-12-01T13:06:18.256Z] Dec 01, 2019 1:06:18 PM io.gapi.emulators.netty.HttpVersionRoutingHandler channelRead
INFO: Detected non-HTTP/2 connection.

[debug] [2019-12-01T13:06:21.469Z] Dec 01, 2019 1:06:21 PM io.gapi.emulators.netty.HttpVersionRoutingHandler channelRead
INFO: Detected non-HTTP/2 connection.

[debug] [2019-12-01T13:06:21.471Z] Dec 01, 2019 1:06:21 PM com.google.cloud.datastore.emulator.impl.context.EmulatorAuthorization warnAboutSecuredJwt
WARNING: expected an unsecured JWT, the emulator does not validate JWTs and IS NOT SECURE

[debug] [2019-12-01T13:06:21.483Z] Dec 01, 2019 1:06:21 PM io.gapi.emulators.netty.HttpVersionRoutingHandler channelRead
INFO: Detected non-HTTP/2 connection.

[debug] [2019-12-01T13:07:08.048Z] Dec 01, 2019 1:07:08 PM io.gapi.emulators.netty.HttpVersionRoutingHandler channelRead
INFO: Detected non-HTTP/2 connection.

[debug] [2019-12-01T13:07:34.544Z] Dec 01, 2019 1:07:34 PM io.gapi.emulators.netty.HttpVersionRoutingHandler channelRead
INFO: Detected non-HTTP/2 connection.

[debug] [2019-12-01T13:07:34.546Z] Dec 01, 2019 1:07:34 PM com.google.cloud.datastore.emulator.impl.context.EmulatorAuthorization warnAboutSecuredJwt
WARNING: expected an unsecured JWT, the emulator does not validate JWTs and IS NOT SECURE

[debug] [2019-12-01T13:07:34.560Z] Dec 01, 2019 1:07:34 PM io.gapi.emulators.netty.HttpVersionRoutingHandler channelRead
INFO: Detected non-HTTP/2 connection.

[debug] [2019-12-01T13:07:37.462Z] Dec 01, 2019 1:07:37 PM io.gapi.emulators.netty.HttpVersionRoutingHandler channelRead
INFO: Detected non-HTTP/2 connection.

[debug] [2019-12-01T13:07:37.464Z] Dec 01, 2019 1:07:37 PM com.google.cloud.datastore.emulator.impl.context.EmulatorAuthorization warnAboutSecuredJwt
WARNING: expected an unsecured JWT, the emulator does not validate JWTs and IS NOT SECURE

[debug] [2019-12-01T13:07:37.471Z] Dec 01, 2019 1:07:37 PM io.gapi.emulators.netty.HttpVersionRoutingHandler channelRead
INFO: Detected non-HTTP/2 connection.

[debug] [2019-12-01T13:07:37.478Z] Dec 01, 2019 1:07:37 PM io.gapi.emulators.netty.HttpVersionRoutingHandler channelRead
INFO: Detected non-HTTP/2 connection.

[debug] [2019-12-01T13:07:40.542Z] Dec 01, 2019 1:07:40 PM io.gapi.emulators.netty.HttpVersionRoutingHandler channelRead
INFO: Detected non-HTTP/2 connection.

[debug] [2019-12-01T13:08:40.580Z] Dec 01, 2019 1:08:40 PM io.gapi.emulators.netty.HttpVersionRoutingHandler channelRead
INFO: Detected non-HTTP/2 connection.

[debug] [2019-12-01T13:08:40.582Z] Dec 01, 2019 1:08:40 PM io.gapi.emulators.netty.HttpVersionRoutingHandler channelRead
INFO: Detected non-HTTP/2 connection.

[debug] [2019-12-01T13:08:40.584Z] Dec 01, 2019 1:08:40 PM com.google.cloud.datastore.emulator.firestore.webchannel.FirestoreV1WebChannelAdapter$FirestoreWriteHandler onClose
INFO: channel closed

[debug] [2019-12-01T13:09:40.598Z] Dec 01, 2019 1:09:40 PM io.gapi.emulators.netty.HttpVersionRoutingHandler channelRead
INFO: Detected non-HTTP/2 connection.

[debug] [2019-12-01T13:10:55.859Z] Dec 01, 2019 1:10:55 PM io.gapi.emulators.netty.HttpVersionRoutingHandler channelRead
INFO: Detected non-HTTP/2 connection.

[debug] [2019-12-01T13:11:55.873Z] Dec 01, 2019 1:11:55 PM io.gapi.emulators.netty.HttpVersionRoutingHandler channelRead
INFO: Detected non-HTTP/2 connection.

[debug] [2019-12-01T13:12:38.547Z] Dec 01, 2019 1:12:38 PM io.gapi.emulators.netty.HttpVersionRoutingHandler channelRead
INFO: Detected non-HTTP/2 connection.

[debug] [2019-12-01T13:12:38.550Z] Dec 01, 2019 1:12:38 PM com.google.cloud.datastore.emulator.impl.context.EmulatorAuthorization warnAboutSecuredJwt
WARNING: expected an unsecured JWT, the emulator does not validate JWTs and IS NOT SECURE

[debug] [2019-12-01T13:12:38.661Z] Dec 01, 2019 1:12:38 PM io.gapi.emulators.netty.HttpVersionRoutingHandler channelRead
INFO: Detected non-HTTP/2 connection.

[debug] [2019-12-01T13:14:05.525Z] Dec 01, 2019 1:14:05 PM io.gapi.emulators.netty.HttpVersionRoutingHandler channelRead
INFO: Detected non-HTTP/2 connection.

[debug] [2019-12-01T13:14:05.528Z] Dec 01, 2019 1:14:05 PM com.google.cloud.datastore.emulator.impl.context.EmulatorAuthorization warnAboutSecuredJwt
WARNING: expected an unsecured JWT, the emulator does not validate JWTs and IS NOT SECURE

[debug] [2019-12-01T13:14:05.539Z] Dec 01, 2019 1:14:05 PM io.gapi.emulators.netty.HttpVersionRoutingHandler channelRead
INFO: Detected non-HTTP/2 connection.

[debug] [2019-12-01T13:14:08.797Z] Dec 01, 2019 1:14:08 PM io.gapi.emulators.netty.HttpVersionRoutingHandler channelRead
INFO: Detected non-HTTP/2 connection.

[debug] [2019-12-01T13:14:08.799Z] Dec 01, 2019 1:14:08 PM com.google.cloud.datastore.emulator.impl.context.EmulatorAuthorization warnAboutSecuredJwt
WARNING: expected an unsecured JWT, the emulator does not validate JWTs and IS NOT SECURE

[debug] [2019-12-01T13:14:08.809Z] Dec 01, 2019 1:14:08 PM io.gapi.emulators.netty.HttpVersionRoutingHandler channelRead
INFO: Detected non-HTTP/2 connection.

[debug] [2019-12-01T13:14:50.890Z] Dec 01, 2019 1:14:50 PM io.gapi.emulators.netty.HttpVersionRoutingHandler channelRead
INFO: Detected non-HTTP/2 connection.

[debug] [2019-12-01T13:14:50.893Z] Dec 01, 2019 1:14:50 PM com.google.cloud.datastore.emulator.impl.context.EmulatorAuthorization warnAboutSecuredJwt
WARNING: expected an unsecured JWT, the emulator does not validate JWTs and IS NOT SECURE

[debug] [2019-12-01T13:14:50.904Z] Dec 01, 2019 1:14:50 PM io.gapi.emulators.netty.HttpVersionRoutingHandler channelRead
INFO: Detected non-HTTP/2 connection.

[debug] [2019-12-01T13:15:47.817Z] Dec 01, 2019 1:15:47 PM io.gapi.emulators.netty.HttpVersionRoutingHandler channelRead
INFO: Detected non-HTTP/2 connection.

[debug] [2019-12-01T13:15:47.820Z] Dec 01, 2019 1:15:47 PM com.google.cloud.datastore.emulator.impl.context.EmulatorAuthorization warnAboutSecuredJwt
WARNING: expected an unsecured JWT, the emulator does not validate JWTs and IS NOT SECURE

[debug] [2019-12-01T13:15:47.832Z] Dec 01, 2019 1:15:47 PM io.gapi.emulators.netty.HttpVersionRoutingHandler channelRead
INFO: Detected non-HTTP/2 connection.

[debug] [2019-12-01T13:15:56.578Z] Dec 01, 2019 1:15:56 PM io.gapi.emulators.netty.HttpVersionRoutingHandler channelRead
INFO: Detected non-HTTP/2 connection.

[debug] [2019-12-01T13:15:56.581Z] Dec 01, 2019 1:15:56 PM com.google.cloud.datastore.emulator.impl.context.EmulatorAuthorization warnAboutSecuredJwt
WARNING: expected an unsecured JWT, the emulator does not validate JWTs and IS NOT SECURE

[debug] [2019-12-01T13:15:56.594Z] Dec 01, 2019 1:15:56 PM io.gapi.emulators.netty.HttpVersionRoutingHandler channelRead
INFO: Detected non-HTTP/2 connection.

[debug] [2019-12-01T13:16:01.479Z] Dec 01, 2019 1:16:01 PM io.gapi.emulators.netty.HttpVersionRoutingHandler channelRead
INFO: Detected non-HTTP/2 connection.

[debug] [2019-12-01T13:16:01.481Z] Dec 01, 2019 1:16:01 PM com.google.cloud.datastore.emulator.impl.context.EmulatorAuthorization warnAboutSecuredJwt
WARNING: expected an unsecured JWT, the emulator does not validate JWTs and IS NOT SECURE

[debug] [2019-12-01T13:16:01.492Z] Dec 01, 2019 1:16:01 PM io.gapi.emulators.netty.HttpVersionRoutingHandler channelRead
INFO: Detected non-HTTP/2 connection.

[debug] [2019-12-01T13:17:01.508Z] Dec 01, 2019 1:17:01 PM io.gapi.emulators.netty.HttpVersionRoutingHandler channelRead
INFO: Detected non-HTTP/2 connection.

[debug] [2019-12-01T13:17:07.283Z] Dec 01, 2019 1:17:07 PM io.gapi.emulators.netty.HttpVersionRoutingHandler channelRead
INFO: Detected non-HTTP/2 connection.

[debug] [2019-12-01T13:17:07.286Z] Dec 01, 2019 1:17:07 PM com.google.cloud.datastore.emulator.impl.context.EmulatorAuthorization warnAboutSecuredJwt
WARNING: expected an unsecured JWT, the emulator does not validate JWTs and IS NOT SECURE

[debug] [2019-12-01T13:17:07.298Z] Dec 01, 2019 1:17:07 PM io.gapi.emulators.netty.HttpVersionRoutingHandler channelRead
INFO: Detected non-HTTP/2 connection.

[debug] [2019-12-01T13:17:52.312Z] Dec 01, 2019 1:17:52 PM io.gapi.emulators.netty.HttpVersionRoutingHandler channelRead
INFO: Detected non-HTTP/2 connection.

[debug] [2019-12-01T13:18:17.896Z] Dec 01, 2019 1:18:17 PM io.gapi.emulators.netty.HttpVersionRoutingHandler channelRead
INFO: Detected non-HTTP/2 connection.

[debug] [2019-12-01T13:18:37.324Z] Dec 01, 2019 1:18:37 PM io.gapi.emulators.netty.HttpVersionRoutingHandler channelRead
INFO: Detected non-HTTP/2 connection.

[debug] [2019-12-01T13:19:04.167Z] Dec 01, 2019 1:19:04 PM io.gapi.emulators.netty.HttpVersionRoutingHandler channelRead
INFO: Detected non-HTTP/2 connection.

[debug] [2019-12-01T13:19:52.340Z] Dec 01, 2019 1:19:52 PM io.gapi.emulators.netty.HttpVersionRoutingHandler channelRead
INFO: Detected non-HTTP/2 connection.

[debug] [2019-12-01T13:20:04.182Z] Dec 01, 2019 1:20:04 PM io.gapi.emulators.netty.HttpVersionRoutingHandler channelRead
INFO: Detected non-HTTP/2 connection.

[debug] [2019-12-01T13:20:37.705Z] Dec 01, 2019 1:20:37 PM io.gapi.emulators.netty.HttpVersionRoutingHandler channelRead
INFO: Detected non-HTTP/2 connection.

[debug] [2019-12-01T13:21:04.202Z] Dec 01, 2019 1:21:04 PM io.gapi.emulators.netty.HttpVersionRoutingHandler channelRead
INFO: Detected non-HTTP/2 connection.

[debug] [2019-12-01T13:21:37.727Z] Dec 01, 2019 1:21:37 PM io.gapi.emulators.netty.HttpVersionRoutingHandler channelRead
INFO: Detected non-HTTP/2 connection.

[debug] [2019-12-01T13:22:04.215Z] Dec 01, 2019 1:22:04 PM io.gapi.emulators.netty.HttpVersionRoutingHandler channelRead
INFO: Detected non-HTTP/2 connection.

[debug] [2019-12-01T13:22:37.750Z] Dec 01, 2019 1:22:37 PM io.gapi.emulators.netty.HttpVersionRoutingHandler channelRead
INFO: Detected non-HTTP/2 connection.

[debug] [2019-12-01T13:23:04.236Z] Dec 01, 2019 1:23:04 PM io.gapi.emulators.netty.HttpVersionRoutingHandler channelRead
INFO: Detected non-HTTP/2 connection.

[debug] [2019-12-01T13:23:37.780Z] Dec 01, 2019 1:23:37 PM io.gapi.emulators.netty.HttpVersionRoutingHandler channelRead
INFO: Detected non-HTTP/2 connection.

[debug] [2019-12-01T13:24:04.251Z] Dec 01, 2019 1:24:04 PM io.gapi.emulators.netty.HttpVersionRoutingHandler channelRead
INFO: Detected non-HTTP/2 connection.

[debug] [2019-12-01T13:24:37.795Z] Dec 01, 2019 1:24:37 PM io.gapi.emulators.netty.HttpVersionRoutingHandler channelRead
INFO: Detected non-HTTP/2 connection.

[debug] [2019-12-01T13:24:49.860Z] Dec 01, 2019 1:24:49 PM io.gapi.emulators.netty.HttpVersionRoutingHandler channelRead
INFO: Detected non-HTTP/2 connection.

[debug] [2019-12-01T13:33:08.680Z] Dec 01, 2019 1:33:08 PM io.gapi.emulators.netty.HttpVersionRoutingHandler channelRead
INFO: Detected non-HTTP/2 connection.

[debug] [2019-12-01T13:33:08.683Z] Dec 01, 2019 1:33:08 PM com.google.cloud.datastore.emulator.impl.context.EmulatorAuthorization warnAboutSecuredJwt
WARNING: expected an unsecured JWT, the emulator does not validate JWTs and IS NOT SECURE

[debug] [2019-12-01T13:33:08.696Z] Dec 01, 2019 1:33:08 PM io.gapi.emulators.netty.HttpVersionRoutingHandler channelRead
INFO: Detected non-HTTP/2 connection.

[debug] [2019-12-01T13:33:08.714Z] Dec 01, 2019 1:33:08 PM io.gapi.emulators.netty.HttpVersionRoutingHandler channelRead
INFO: Detected non-HTTP/2 connection.

[debug] [2019-12-01T13:33:08.716Z] Dec 01, 2019 1:33:08 PM com.google.cloud.datastore.emulator.impl.context.EmulatorAuthorization warnAboutSecuredJwt
WARNING: expected an unsecured JWT, the emulator does not validate JWTs and IS NOT SECURE

[debug] [2019-12-01T13:33:08.726Z] Dec 01, 2019 1:33:08 PM io.gapi.emulators.netty.HttpVersionRoutingHandler channelRead
INFO: Detected non-HTTP/2 connection.

[debug] [2019-12-01T13:33:43.742Z] Dec 01, 2019 1:33:43 PM io.gapi.emulators.netty.HttpVersionRoutingHandler channelRead
INFO: Detected non-HTTP/2 connection.

[debug] [2019-12-01T13:33:43.742Z] Dec 01, 2019 1:33:43 PM io.gapi.emulators.netty.HttpVersionRoutingHandler channelRead
INFO: Detected non-HTTP/2 connection.

[debug] [2019-12-01T13:33:43.745Z] Dec 01, 2019 1:33:43 PM com.google.cloud.datastore.emulator.impl.context.EmulatorAuthorization warnAboutSecuredJwt
WARNING: expected an unsecured JWT, the emulator does not validate JWTs and IS NOT SECURE

[debug] [2019-12-01T13:33:43.746Z] Dec 01, 2019 1:33:43 PM com.google.cloud.datastore.emulator.impl.context.EmulatorAuthorization warnAboutSecuredJwt
WARNING: expected an unsecured JWT, the emulator does not validate JWTs and IS NOT SECURE

[debug] [2019-12-01T13:33:43.759Z] Dec 01, 2019 1:33:43 PM io.gapi.emulators.netty.HttpVersionRoutingHandler channelRead
INFO: Detected non-HTTP/2 connection.

[debug] [2019-12-01T13:33:43.760Z] Dec 01, 2019 1:33:43 PM io.gapi.emulators.netty.HttpVersionRoutingHandler channelRead
INFO: Detected non-HTTP/2 connection.

[debug] [2019-12-01T13:33:51.469Z] Dec 01, 2019 1:33:51 PM io.gapi.emulators.netty.HttpVersionRoutingHandler channelRead
INFO: Detected non-HTTP/2 connection.
Dec 01, 2019 1:33:51 PM io.gapi.emulators.netty.HttpVersionRoutingHandler channelRead
INFO: Detected non-HTTP/2 connection.

[debug] [2019-12-01T13:33:51.471Z] Dec 01, 2019 1:33:51 PM com.google.cloud.datastore.emulator.impl.context.EmulatorAuthorization warnAboutSecuredJwt
WARNING: expected an unsecured JWT, the emulator does not validate JWTs and IS NOT SECURE

[debug] [2019-12-01T13:33:51.472Z] Dec 01, 2019 1:33:51 PM com.google.cloud.datastore.emulator.impl.context.EmulatorAuthorization warnAboutSecuredJwt
WARNING: expected an unsecured JWT, the emulator does not validate JWTs and IS NOT SECURE

[debug] [2019-12-01T13:33:51.483Z] Dec 01, 2019 1:33:51 PM io.gapi.emulators.netty.HttpVersionRoutingHandler channelRead
INFO: Detected non-HTTP/2 connection.

[debug] [2019-12-01T13:33:51.484Z] Dec 01, 2019 1:33:51 PM io.gapi.emulators.netty.HttpVersionRoutingHandler channelRead
INFO: Detected non-HTTP/2 connection.

[debug] [2019-12-01T13:33:54.511Z] Dec 01, 2019 1:33:54 PM io.gapi.emulators.netty.HttpVersionRoutingHandler channelRead
INFO: Detected non-HTTP/2 connection.

[debug] [2019-12-01T13:33:54.511Z] Dec 01, 2019 1:33:54 PM io.gapi.emulators.netty.HttpVersionRoutingHandler channelRead
INFO: Detected non-HTTP/2 connection.

[debug] [2019-12-01T13:33:54.513Z] Dec 01, 2019 1:33:54 PM com.google.cloud.datastore.emulator.impl.context.EmulatorAuthorization warnAboutSecuredJwt
WARNING: expected an unsecured JWT, the emulator does not validate JWTs and IS NOT SECURE

[debug] [2019-12-01T13:33:54.514Z] Dec 01, 2019 1:33:54 PM com.google.cloud.datastore.emulator.impl.context.EmulatorAuthorization warnAboutSecuredJwt
WARNING: expected an unsecured JWT, the emulator does not validate JWTs and IS NOT SECURE

[debug] [2019-12-01T13:33:54.537Z] Dec 01, 2019 1:33:54 PM io.gapi.emulators.netty.HttpVersionRoutingHandler channelRead
INFO: Detected non-HTTP/2 connection.

[debug] [2019-12-01T13:33:54.539Z] Dec 01, 2019 1:33:54 PM io.gapi.emulators.netty.HttpVersionRoutingHandler channelRead
INFO: Detected non-HTTP/2 connection.

[debug] [2019-12-01T13:34:04.683Z] Dec 01, 2019 1:34:04 PM io.gapi.emulators.netty.HttpVersionRoutingHandler channelRead
INFO: Detected non-HTTP/2 connection.

[debug] [2019-12-01T13:34:04.685Z] Dec 01, 2019 1:34:04 PM com.google.cloud.datastore.emulator.impl.context.EmulatorAuthorization warnAboutSecuredJwt
WARNING: expected an unsecured JWT, the emulator does not validate JWTs and IS NOT SECURE

[debug] [2019-12-01T13:34:04.693Z] Dec 01, 2019 1:34:04 PM io.gapi.emulators.netty.HttpVersionRoutingHandler channelRead
INFO: Detected non-HTTP/2 connection.

[debug] [2019-12-01T13:34:04.696Z] Dec 01, 2019 1:34:04 PM io.gapi.emulators.netty.HttpVersionRoutingHandler channelRead
INFO: Detected non-HTTP/2 connection.

[debug] [2019-12-01T13:34:04.696Z] Dec 01, 2019 1:34:04 PM com.google.cloud.datastore.emulator.impl.context.EmulatorAuthorization warnAboutSecuredJwt
WARNING: expected an unsecured JWT, the emulator does not validate JWTs and IS NOT SECURE

[debug] [2019-12-01T13:34:04.708Z] Dec 01, 2019 1:34:04 PM io.gapi.emulators.netty.HttpVersionRoutingHandler channelRead
INFO: Detected non-HTTP/2 connection.

[debug] [2019-12-01T13:34:13.470Z] Dec 01, 2019 1:34:13 PM io.gapi.emulators.netty.HttpVersionRoutingHandler channelRead
INFO: Detected non-HTTP/2 connection.

[debug] [2019-12-01T13:34:13.473Z] Dec 01, 2019 1:34:13 PM com.google.cloud.datastore.emulator.impl.context.EmulatorAuthorization warnAboutSecuredJwt
WARNING: expected an unsecured JWT, the emulator does not validate JWTs and IS NOT SECURE

[debug] [2019-12-01T13:34:13.485Z] Dec 01, 2019 1:34:13 PM io.gapi.emulators.netty.HttpVersionRoutingHandler channelRead
INFO: Detected non-HTTP/2 connection.

[debug] [2019-12-01T13:34:13.489Z] Dec 01, 2019 1:34:13 PM com.google.cloud.datastore.emulator.impl.context.EmulatorAuthorization warnAboutSecuredJwt
WARNING: expected an unsecured JWT, the emulator does not validate JWTs and IS NOT SECURE

[debug] [2019-12-01T13:34:13.492Z] Dec 01, 2019 1:34:13 PM io.gapi.emulators.netty.HttpVersionRoutingHandler channelRead
INFO: Detected non-HTTP/2 connection.

[debug] [2019-12-01T13:34:13.506Z] Dec 01, 2019 1:34:13 PM io.gapi.emulators.netty.HttpVersionRoutingHandler channelRead
INFO: Detected non-HTTP/2 connection.

[debug] [2019-12-01T13:34:18.473Z] Dec 01, 2019 1:34:18 PM io.gapi.emulators.netty.HttpVersionRoutingHandler channelRead
INFO: Detected non-HTTP/2 connection.

[debug] [2019-12-01T13:34:18.474Z] Dec 01, 2019 1:34:18 PM io.gapi.emulators.netty.HttpVersionRoutingHandler channelRead
INFO: Detected non-HTTP/2 connection.

[debug] [2019-12-01T13:34:18.477Z] Dec 01, 2019 1:34:18 PM com.google.cloud.datastore.emulator.impl.context.EmulatorAuthorization warnAboutSecuredJwt
WARNING: expected an unsecured JWT, the emulator does not validate JWTs and IS NOT SECURE

[debug] [2019-12-01T13:34:18.478Z] Dec 01, 2019 1:34:18 PM com.google.cloud.datastore.emulator.impl.context.EmulatorAuthorization warnAboutSecuredJwt
WARNING: expected an unsecured JWT, the emulator does not validate JWTs and IS NOT SECURE

[debug] [2019-12-01T13:34:18.491Z] Dec 01, 2019 1:34:18 PM io.gapi.emulators.netty.HttpVersionRoutingHandler channelRead
INFO: Detected non-HTTP/2 connection.

[debug] [2019-12-01T13:34:18.492Z] Dec 01, 2019 1:34:18 PM io.gapi.emulators.netty.HttpVersionRoutingHandler channelRead
INFO: Detected non-HTTP/2 connection.

[debug] [2019-12-01T13:34:20.303Z] Dec 01, 2019 1:34:20 PM io.gapi.emulators.netty.HttpVersionRoutingHandler channelRead
INFO: Detected non-HTTP/2 connection.

[debug] [2019-12-01T13:34:20.305Z] Dec 01, 2019 1:34:20 PM com.google.cloud.datastore.emulator.impl.context.EmulatorAuthorization warnAboutSecuredJwt
WARNING: expected an unsecured JWT, the emulator does not validate JWTs and IS NOT SECURE

[debug] [2019-12-01T13:34:20.317Z] Dec 01, 2019 1:34:20 PM io.gapi.emulators.netty.HttpVersionRoutingHandler channelRead
INFO: Detected non-HTTP/2 connection.

[debug] [2019-12-01T13:34:23.533Z] Dec 01, 2019 1:34:23 PM io.gapi.emulators.netty.HttpVersionRoutingHandler channelRead
INFO: Detected non-HTTP/2 connection.

[debug] [2019-12-01T13:34:23.536Z] Dec 01, 2019 1:34:23 PM com.google.cloud.datastore.emulator.impl.context.EmulatorAuthorization warnAboutSecuredJwt
WARNING: expected an unsecured JWT, the emulator does not validate JWTs and IS NOT SECURE

[debug] [2019-12-01T13:34:23.556Z] Dec 01, 2019 1:34:23 PM io.gapi.emulators.netty.HttpVersionRoutingHandler channelRead
INFO: Detected non-HTTP/2 connection.

[debug] [2019-12-01T13:34:24.794Z] Dec 01, 2019 1:34:24 PM io.gapi.emulators.netty.HttpVersionRoutingHandler channelRead
INFO: Detected non-HTTP/2 connection.

[debug] [2019-12-01T13:34:24.796Z] Dec 01, 2019 1:34:24 PM com.google.cloud.datastore.emulator.impl.context.EmulatorAuthorization warnAboutSecuredJwt
WARNING: expected an unsecured JWT, the emulator does not validate JWTs and IS NOT SECURE

[debug] [2019-12-01T13:34:24.810Z] Dec 01, 2019 1:34:24 PM io.gapi.emulators.netty.HttpVersionRoutingHandler channelRead
INFO: Detected non-HTTP/2 connection.

[debug] [2019-12-01T13:35:23.570Z] Dec 01, 2019 1:35:23 PM io.gapi.emulators.netty.HttpVersionRoutingHandler channelRead
INFO: Detected non-HTTP/2 connection.

[debug] [2019-12-01T13:35:40.471Z] Dec 01, 2019 1:35:40 PM io.gapi.emulators.netty.HttpVersionRoutingHandler channelRead
INFO: Detected non-HTTP/2 connection.

[debug] [2019-12-01T13:35:45.667Z] Dec 01, 2019 1:35:45 PM io.gapi.emulators.netty.HttpVersionRoutingHandler channelRead
INFO: Detected non-HTTP/2 connection.

[debug] [2019-12-01T13:35:45.669Z] Dec 01, 2019 1:35:45 PM com.google.cloud.datastore.emulator.impl.context.EmulatorAuthorization warnAboutSecuredJwt
WARNING: expected an unsecured JWT, the emulator does not validate JWTs and IS NOT SECURE

[debug] [2019-12-01T13:35:45.681Z] Dec 01, 2019 1:35:45 PM io.gapi.emulators.netty.HttpVersionRoutingHandler channelRead
INFO: Detected non-HTTP/2 connection.

[debug] [2019-12-01T13:35:48.289Z] Dec 01, 2019 1:35:48 PM io.gapi.emulators.netty.HttpVersionRoutingHandler channelRead
INFO: Detected non-HTTP/2 connection.

[debug] [2019-12-01T13:35:48.290Z] Dec 01, 2019 1:35:48 PM com.google.cloud.datastore.emulator.impl.context.EmulatorAuthorization warnAboutSecuredJwt
WARNING: expected an unsecured JWT, the emulator does not validate JWTs and IS NOT SECURE

[debug] [2019-12-01T13:35:48.297Z] Dec 01, 2019 1:35:48 PM io.gapi.emulators.netty.HttpVersionRoutingHandler channelRead
INFO: Detected non-HTTP/2 connection.

[debug] [2019-12-01T13:35:48.303Z] Dec 01, 2019 1:35:48 PM io.gapi.emulators.netty.HttpVersionRoutingHandler channelRead
INFO: Detected non-HTTP/2 connection.

[debug] [2019-12-01T13:35:50.784Z] Dec 01, 2019 1:35:50 PM io.gapi.emulators.netty.HttpVersionRoutingHandler channelRead
INFO: Detected non-HTTP/2 connection.

[debug] [2019-12-01T13:35:56.609Z] Dec 01, 2019 1:35:56 PM io.gapi.emulators.netty.HttpVersionRoutingHandler channelRead
INFO: Detected non-HTTP/2 connection.

[debug] [2019-12-01T13:35:56.612Z] Dec 01, 2019 1:35:56 PM com.google.cloud.datastore.emulator.impl.context.EmulatorAuthorization warnAboutSecuredJwt
WARNING: expected an unsecured JWT, the emulator does not validate JWTs and IS NOT SECURE

[debug] [2019-12-01T13:35:56.625Z] Dec 01, 2019 1:35:56 PM io.gapi.emulators.netty.HttpVersionRoutingHandler channelRead
INFO: Detected non-HTTP/2 connection.

[debug] [2019-12-01T13:35:56.653Z] Dec 01, 2019 1:35:56 PM io.gapi.emulators.netty.HttpVersionRoutingHandler channelRead
INFO: Detected non-HTTP/2 connection.

[debug] [2019-12-01T13:35:56.654Z] Dec 01, 2019 1:35:56 PM com.google.cloud.datastore.emulator.impl.context.EmulatorAuthorization warnAboutSecuredJwt
WARNING: expected an unsecured JWT, the emulator does not validate JWTs and IS NOT SECURE

[debug] [2019-12-01T13:35:56.665Z] Dec 01, 2019 1:35:56 PM io.gapi.emulators.netty.HttpVersionRoutingHandler channelRead
INFO: Detected non-HTTP/2 connection.

[debug] [2019-12-01T13:36:56.643Z] Dec 01, 2019 1:36:56 PM io.gapi.emulators.netty.HttpVersionRoutingHandler channelRead
INFO: Detected non-HTTP/2 connection.

[debug] [2019-12-01T13:37:12.504Z] Dec 01, 2019 1:37:12 PM io.gapi.emulators.netty.HttpVersionRoutingHandler channelRead
INFO: Detected non-HTTP/2 connection.

[debug] [2019-12-01T13:40:36.460Z] Dec 01, 2019 1:40:36 PM io.gapi.emulators.netty.HttpVersionRoutingHandler channelRead
INFO: Detected non-HTTP/2 connection.

[debug] [2019-12-01T13:40:36.462Z] Dec 01, 2019 1:40:36 PM com.google.cloud.datastore.emulator.impl.context.EmulatorAuthorization warnAboutSecuredJwt
WARNING: expected an unsecured JWT, the emulator does not validate JWTs and IS NOT SECURE

[debug] [2019-12-01T13:40:36.477Z] Dec 01, 2019 1:40:36 PM io.gapi.emulators.netty.HttpVersionRoutingHandler channelRead
INFO: Detected non-HTTP/2 connection.

[debug] [2019-12-01T13:40:36.512Z] Dec 01, 2019 1:40:36 PM io.gapi.emulators.netty.HttpVersionRoutingHandler channelRead
INFO: Detected non-HTTP/2 connection.

[debug] [2019-12-01T13:40:36.514Z] Dec 01, 2019 1:40:36 PM com.google.cloud.datastore.emulator.impl.context.EmulatorAuthorization warnAboutSecuredJwt
WARNING: expected an unsecured JWT, the emulator does not validate JWTs and IS NOT SECURE

[debug] [2019-12-01T13:40:36.529Z] Dec 01, 2019 1:40:36 PM io.gapi.emulators.netty.HttpVersionRoutingHandler channelRead
INFO: Detected non-HTTP/2 connection.

[debug] [2019-12-01T13:40:38.870Z] Dec 01, 2019 1:40:38 PM io.gapi.emulators.netty.HttpVersionRoutingHandler channelRead
INFO: Detected non-HTTP/2 connection.

[debug] [2019-12-01T13:40:38.872Z] Dec 01, 2019 1:40:38 PM com.google.cloud.datastore.emulator.impl.context.EmulatorAuthorization warnAboutSecuredJwt
WARNING: expected an unsecured JWT, the emulator does not validate JWTs and IS NOT SECURE

[debug] [2019-12-01T13:40:38.882Z] Dec 01, 2019 1:40:38 PM io.gapi.emulators.netty.HttpVersionRoutingHandler channelRead
INFO: Detected non-HTTP/2 connection.

[debug] [2019-12-01T13:40:43.659Z] Dec 01, 2019 1:40:43 PM io.gapi.emulators.netty.HttpVersionRoutingHandler channelRead
INFO: Detected non-HTTP/2 connection.

[debug] [2019-12-01T13:40:43.660Z] Dec 01, 2019 1:40:43 PM com.google.cloud.datastore.emulator.impl.context.EmulatorAuthorization warnAboutSecuredJwt
WARNING: expected an unsecured JWT, the emulator does not validate JWTs and IS NOT SECURE

[debug] [2019-12-01T13:40:43.666Z] Dec 01, 2019 1:40:43 PM io.gapi.emulators.netty.HttpVersionRoutingHandler channelRead
INFO: Detected non-HTTP/2 connection.

[debug] [2019-12-01T13:40:43.673Z] Dec 01, 2019 1:40:43 PM io.gapi.emulators.netty.HttpVersionRoutingHandler channelRead
INFO: Detected non-HTTP/2 connection.

[debug] [2019-12-01T13:40:44.334Z] Dec 01, 2019 1:40:44 PM io.gapi.emulators.netty.HttpVersionRoutingHandler channelRead
INFO: Detected non-HTTP/2 connection.

[debug] [2019-12-01T13:41:02.793Z] Dec 01, 2019 1:41:02 PM io.gapi.emulators.netty.HttpVersionRoutingHandler channelRead
INFO: Detected non-HTTP/2 connection.

[debug] [2019-12-01T13:41:02.796Z] Dec 01, 2019 1:41:02 PM com.google.cloud.datastore.emulator.impl.context.EmulatorAuthorization warnAboutSecuredJwt
WARNING: expected an unsecured JWT, the emulator does not validate JWTs and IS NOT SECURE

[debug] [2019-12-01T13:41:02.810Z] Dec 01, 2019 1:41:02 PM io.gapi.emulators.netty.HttpVersionRoutingHandler channelRead
INFO: Detected non-HTTP/2 connection.

[debug] [2019-12-01T13:41:03.489Z] Dec 01, 2019 1:41:03 PM io.gapi.emulators.netty.HttpVersionRoutingHandler channelRead
INFO: Detected non-HTTP/2 connection.

[debug] [2019-12-01T13:41:03.491Z] Dec 01, 2019 1:41:03 PM com.google.cloud.datastore.emulator.impl.context.EmulatorAuthorization warnAboutSecuredJwt
WARNING: expected an unsecured JWT, the emulator does not validate JWTs and IS NOT SECURE

[debug] [2019-12-01T13:41:03.502Z] Dec 01, 2019 1:41:03 PM io.gapi.emulators.netty.HttpVersionRoutingHandler channelRead
INFO: Detected non-HTTP/2 connection.

[debug] [2019-12-01T13:41:25.716Z] Dec 01, 2019 1:41:25 PM io.gapi.emulators.netty.HttpVersionRoutingHandler channelRead
INFO: Detected non-HTTP/2 connection.

[debug] [2019-12-01T13:41:25.719Z] Dec 01, 2019 1:41:25 PM com.google.cloud.datastore.emulator.impl.context.EmulatorAuthorization warnAboutSecuredJwt
WARNING: expected an unsecured JWT, the emulator does not validate JWTs and IS NOT SECURE

[debug] [2019-12-01T13:41:25.731Z] Dec 01, 2019 1:41:25 PM io.gapi.emulators.netty.HttpVersionRoutingHandler channelRead
INFO: Detected non-HTTP/2 connection.

[debug] [2019-12-01T13:41:26.495Z] Dec 01, 2019 1:41:26 PM io.gapi.emulators.netty.HttpVersionRoutingHandler channelRead
INFO: Detected non-HTTP/2 connection.

[debug] [2019-12-01T13:41:26.497Z] Dec 01, 2019 1:41:26 PM com.google.cloud.datastore.emulator.impl.context.EmulatorAuthorization warnAboutSecuredJwt
WARNING: expected an unsecured JWT, the emulator does not validate JWTs and IS NOT SECURE

[debug] [2019-12-01T13:41:26.510Z] Dec 01, 2019 1:41:26 PM io.gapi.emulators.netty.HttpVersionRoutingHandler channelRead
INFO: Detected non-HTTP/2 connection.

[debug] [2019-12-01T13:41:55.575Z] Dec 01, 2019 1:41:55 PM io.gapi.emulators.netty.HttpVersionRoutingHandler channelRead
INFO: Detected non-HTTP/2 connection.

[debug] [2019-12-01T13:41:55.577Z] Dec 01, 2019 1:41:55 PM com.google.cloud.datastore.emulator.impl.context.EmulatorAuthorization warnAboutSecuredJwt
WARNING: expected an unsecured JWT, the emulator does not validate JWTs and IS NOT SECURE

[debug] [2019-12-01T13:41:55.587Z] Dec 01, 2019 1:41:55 PM io.gapi.emulators.netty.HttpVersionRoutingHandler channelRead
INFO: Detected non-HTTP/2 connection.

[debug] [2019-12-01T13:41:56.561Z] Dec 01, 2019 1:41:56 PM io.gapi.emulators.netty.HttpVersionRoutingHandler channelRead
INFO: Detected non-HTTP/2 connection.

[debug] [2019-12-01T13:41:56.563Z] Dec 01, 2019 1:41:56 PM com.google.cloud.datastore.emulator.impl.context.EmulatorAuthorization warnAboutSecuredJwt
WARNING: expected an unsecured JWT, the emulator does not validate JWTs and IS NOT SECURE

[debug] [2019-12-01T13:41:56.576Z] Dec 01, 2019 1:41:56 PM io.gapi.emulators.netty.HttpVersionRoutingHandler channelRead
INFO: Detected non-HTTP/2 connection.

[debug] [2019-12-01T13:42:55.602Z] Dec 01, 2019 1:42:55 PM io.gapi.emulators.netty.HttpVersionRoutingHandler channelRead
INFO: Detected non-HTTP/2 connection.

[debug] [2019-12-01T13:42:56.590Z] Dec 01, 2019 1:42:56 PM io.gapi.emulators.netty.HttpVersionRoutingHandler channelRead
INFO: Detected non-HTTP/2 connection.

[debug] [2019-12-01T13:43:42.285Z] Dec 01, 2019 1:43:42 PM io.gapi.emulators.netty.HttpVersionRoutingHandler channelRead
INFO: Detected non-HTTP/2 connection.

[debug] [2019-12-01T13:43:55.618Z] Dec 01, 2019 1:43:55 PM io.gapi.emulators.netty.HttpVersionRoutingHandler channelRead
INFO: Detected non-HTTP/2 connection.

[debug] [2019-12-01T13:44:27.640Z] Dec 01, 2019 1:44:27 PM io.gapi.emulators.netty.HttpVersionRoutingHandler channelRead
INFO: Detected non-HTTP/2 connection.

[debug] [2019-12-01T13:44:55.637Z] Dec 01, 2019 1:44:55 PM io.gapi.emulators.netty.HttpVersionRoutingHandler channelRead
INFO: Detected non-HTTP/2 connection.

[debug] [2019-12-01T13:45:27.654Z] Dec 01, 2019 1:45:27 PM io.gapi.emulators.netty.HttpVersionRoutingHandler channelRead
INFO: Detected non-HTTP/2 connection.

[debug] [2019-12-01T13:46:09.891Z] Dec 01, 2019 1:46:09 PM io.gapi.emulators.netty.HttpVersionRoutingHandler channelRead
INFO: Detected non-HTTP/2 connection.

[debug] [2019-12-01T13:46:09.896Z] Dec 01, 2019 1:46:09 PM com.google.cloud.datastore.emulator.impl.context.EmulatorAuthorization warnAboutSecuredJwt
WARNING: expected an unsecured JWT, the emulator does not validate JWTs and IS NOT SECURE

[debug] [2019-12-01T13:46:09.911Z] Dec 01, 2019 1:46:09 PM io.gapi.emulators.netty.HttpVersionRoutingHandler channelRead
INFO: Detected non-HTTP/2 connection.

[debug] [2019-12-01T13:46:11.486Z] Dec 01, 2019 1:46:11 PM io.gapi.emulators.netty.HttpVersionRoutingHandler channelRead
INFO: Detected non-HTTP/2 connection.

[debug] [2019-12-01T13:46:11.488Z] Dec 01, 2019 1:46:11 PM com.google.cloud.datastore.emulator.impl.context.EmulatorAuthorization warnAboutSecuredJwt
WARNING: expected an unsecured JWT, the emulator does not validate JWTs and IS NOT SECURE

[debug] [2019-12-01T13:46:11.502Z] Dec 01, 2019 1:46:11 PM io.gapi.emulators.netty.HttpVersionRoutingHandler channelRead
INFO: Detected non-HTTP/2 connection.

[debug] [2019-12-01T13:46:29.729Z] Dec 01, 2019 1:46:29 PM io.gapi.emulators.netty.HttpVersionRoutingHandler channelRead
INFO: Detected non-HTTP/2 connection.

[debug] [2019-12-01T13:46:29.731Z] Dec 01, 2019 1:46:29 PM com.google.cloud.datastore.emulator.impl.context.EmulatorAuthorization warnAboutSecuredJwt
WARNING: expected an unsecured JWT, the emulator does not validate JWTs and IS NOT SECURE

[debug] [2019-12-01T13:46:29.741Z] Dec 01, 2019 1:46:29 PM io.gapi.emulators.netty.HttpVersionRoutingHandler channelRead
INFO: Detected non-HTTP/2 connection.

[debug] [2019-12-01T13:46:29.791Z] Dec 01, 2019 1:46:29 PM io.gapi.emulators.netty.HttpVersionRoutingHandler channelRead
INFO: Detected non-HTTP/2 connection.

[debug] [2019-12-01T13:46:29.793Z] Dec 01, 2019 1:46:29 PM com.google.cloud.datastore.emulator.impl.context.EmulatorAuthorization warnAboutSecuredJwt
WARNING: expected an unsecured JWT, the emulator does not validate JWTs and IS NOT SECURE

[debug] [2019-12-01T13:46:29.805Z] Dec 01, 2019 1:46:29 PM io.gapi.emulators.netty.HttpVersionRoutingHandler channelRead
INFO: Detected non-HTTP/2 connection.

[debug] [2019-12-01T13:46:33.485Z] Dec 01, 2019 1:46:33 PM io.gapi.emulators.netty.HttpVersionRoutingHandler channelRead
INFO: Detected non-HTTP/2 connection.

[debug] [2019-12-01T13:46:33.486Z] Dec 01, 2019 1:46:33 PM io.gapi.emulators.netty.HttpVersionRoutingHandler channelRead
INFO: Detected non-HTTP/2 connection.

[debug] [2019-12-01T13:46:33.488Z] Dec 01, 2019 1:46:33 PM com.google.cloud.datastore.emulator.impl.context.EmulatorAuthorization warnAboutSecuredJwt
WARNING: expected an unsecured JWT, the emulator does not validate JWTs and IS NOT SECURE

[debug] [2019-12-01T13:46:33.489Z] Dec 01, 2019 1:46:33 PM com.google.cloud.datastore.emulator.impl.context.EmulatorAuthorization warnAboutSecuredJwt
WARNING: expected an unsecured JWT, the emulator does not validate JWTs and IS NOT SECURE

[debug] [2019-12-01T13:46:33.503Z] Dec 01, 2019 1:46:33 PM io.gapi.emulators.netty.HttpVersionRoutingHandler channelRead
INFO: Detected non-HTTP/2 connection.

[debug] [2019-12-01T13:46:33.504Z] Dec 01, 2019 1:46:33 PM io.gapi.emulators.netty.HttpVersionRoutingHandler channelRead
INFO: Detected non-HTTP/2 connection.

[debug] [2019-12-01T13:47:20.141Z] Dec 01, 2019 1:47:20 PM io.gapi.emulators.netty.HttpVersionRoutingHandler channelRead
INFO: Detected non-HTTP/2 connection.

[debug] [2019-12-01T13:47:33.517Z] Dec 01, 2019 1:47:33 PM io.gapi.emulators.netty.HttpVersionRoutingHandler channelRead
INFO: Detected non-HTTP/2 connection.

[debug] [2019-12-01T13:47:54.601Z] Dec 01, 2019 1:47:54 PM io.gapi.emulators.netty.HttpVersionRoutingHandler channelRead
INFO: Detected non-HTTP/2 connection.

[debug] [2019-12-01T13:47:54.604Z] Dec 01, 2019 1:47:54 PM com.google.cloud.datastore.emulator.impl.context.EmulatorAuthorization warnAboutSecuredJwt
WARNING: expected an unsecured JWT, the emulator does not validate JWTs and IS NOT SECURE

[debug] [2019-12-01T13:47:54.615Z] Dec 01, 2019 1:47:54 PM io.gapi.emulators.netty.HttpVersionRoutingHandler channelRead
INFO: Detected non-HTTP/2 connection.

[debug] [2019-12-01T13:47:54.815Z] Dec 01, 2019 1:47:54 PM io.gapi.emulators.netty.HttpVersionRoutingHandler channelRead
INFO: Detected non-HTTP/2 connection.

[debug] [2019-12-01T13:47:54.817Z] Dec 01, 2019 1:47:54 PM com.google.cloud.datastore.emulator.impl.context.EmulatorAuthorization warnAboutSecuredJwt
WARNING: expected an unsecured JWT, the emulator does not validate JWTs and IS NOT SECURE

[debug] [2019-12-01T13:47:54.828Z] Dec 01, 2019 1:47:54 PM io.gapi.emulators.netty.HttpVersionRoutingHandler channelRead
INFO: Detected non-HTTP/2 connection.

[debug] [2019-12-01T13:48:24.839Z] Dec 01, 2019 1:48:24 PM io.gapi.emulators.netty.HttpVersionRoutingHandler channelRead
INFO: Detected non-HTTP/2 connection.

[debug] [2019-12-01T13:48:24.839Z] Dec 01, 2019 1:48:24 PM io.gapi.emulators.netty.HttpVersionRoutingHandler channelRead
INFO: Detected non-HTTP/2 connection.

[debug] [2019-12-01T13:48:24.842Z] Dec 01, 2019 1:48:24 PM com.google.cloud.datastore.emulator.impl.context.EmulatorAuthorization warnAboutSecuredJwt
WARNING: expected an unsecured JWT, the emulator does not validate JWTs and IS NOT SECURE

[debug] [2019-12-01T13:48:24.843Z] Dec 01, 2019 1:48:24 PM com.google.cloud.datastore.emulator.impl.context.EmulatorAuthorization warnAboutSecuredJwt
WARNING: expected an unsecured JWT, the emulator does not validate JWTs and IS NOT SECURE

[debug] [2019-12-01T13:48:24.856Z] Dec 01, 2019 1:48:24 PM io.gapi.emulators.netty.HttpVersionRoutingHandler channelRead
INFO: Detected non-HTTP/2 connection.

[debug] [2019-12-01T13:48:24.857Z] Dec 01, 2019 1:48:24 PM io.gapi.emulators.netty.HttpVersionRoutingHandler channelRead
INFO: Detected non-HTTP/2 connection.

[debug] [2019-12-01T13:49:32.483Z] Dec 01, 2019 1:49:32 PM io.gapi.emulators.netty.HttpVersionRoutingHandler channelRead
INFO: Detected non-HTTP/2 connection.

[debug] [2019-12-01T13:49:32.484Z] Dec 01, 2019 1:49:32 PM io.gapi.emulators.netty.HttpVersionRoutingHandler channelRead
INFO: Detected non-HTTP/2 connection.

[debug] [2019-12-01T13:49:32.488Z] Dec 01, 2019 1:49:32 PM com.google.cloud.datastore.emulator.impl.context.EmulatorAuthorization warnAboutSecuredJwt
WARNING: expected an unsecured JWT, the emulator does not validate JWTs and IS NOT SECURE

[debug] [2019-12-01T13:49:32.489Z] Dec 01, 2019 1:49:32 PM com.google.cloud.datastore.emulator.impl.context.EmulatorAuthorization warnAboutSecuredJwt
WARNING: expected an unsecured JWT, the emulator does not validate JWTs and IS NOT SECURE

[debug] [2019-12-01T13:49:32.505Z] Dec 01, 2019 1:49:32 PM io.gapi.emulators.netty.HttpVersionRoutingHandler channelRead
INFO: Detected non-HTTP/2 connection.

[debug] [2019-12-01T13:49:32.506Z] Dec 01, 2019 1:49:32 PM io.gapi.emulators.netty.HttpVersionRoutingHandler channelRead
INFO: Detected non-HTTP/2 connection.

[debug] [2019-12-01T13:49:43.804Z] Dec 01, 2019 1:49:43 PM io.gapi.emulators.netty.HttpVersionRoutingHandler channelRead
INFO: Detected non-HTTP/2 connection.

[debug] [2019-12-01T13:49:43.805Z] Dec 01, 2019 1:49:43 PM io.gapi.emulators.netty.HttpVersionRoutingHandler channelRead
INFO: Detected non-HTTP/2 connection.

[debug] [2019-12-01T13:49:43.806Z] Dec 01, 2019 1:49:43 PM com.google.cloud.datastore.emulator.impl.context.EmulatorAuthorization warnAboutSecuredJwt
WARNING: expected an unsecured JWT, the emulator does not validate JWTs and IS NOT SECURE

[debug] [2019-12-01T13:49:43.808Z] Dec 01, 2019 1:49:43 PM com.google.cloud.datastore.emulator.impl.context.EmulatorAuthorization warnAboutSecuredJwt
WARNING: expected an unsecured JWT, the emulator does not validate JWTs and IS NOT SECURE

[debug] [2019-12-01T13:49:43.818Z] Dec 01, 2019 1:49:43 PM io.gapi.emulators.netty.HttpVersionRoutingHandler channelRead
INFO: Detected non-HTTP/2 connection.

[debug] [2019-12-01T13:49:43.820Z] Dec 01, 2019 1:49:43 PM io.gapi.emulators.netty.HttpVersionRoutingHandler channelRead
INFO: Detected non-HTTP/2 connection.

[debug] [2019-12-01T13:49:54.864Z] Dec 01, 2019 1:49:54 PM io.gapi.emulators.netty.HttpVersionRoutingHandler channelRead
INFO: Detected non-HTTP/2 connection.

[debug] [2019-12-01T13:49:54.865Z] Dec 01, 2019 1:49:54 PM io.gapi.emulators.netty.HttpVersionRoutingHandler channelRead
INFO: Detected non-HTTP/2 connection.

[debug] [2019-12-01T13:49:54.866Z] Dec 01, 2019 1:49:54 PM com.google.cloud.datastore.emulator.impl.context.EmulatorAuthorization warnAboutSecuredJwt
WARNING: expected an unsecured JWT, the emulator does not validate JWTs and IS NOT SECURE

[debug] [2019-12-01T13:49:54.867Z] Dec 01, 2019 1:49:54 PM com.google.cloud.datastore.emulator.impl.context.EmulatorAuthorization warnAboutSecuredJwt
WARNING: expected an unsecured JWT, the emulator does not validate JWTs and IS NOT SECURE

[debug] [2019-12-01T13:49:54.880Z] Dec 01, 2019 1:49:54 PM io.gapi.emulators.netty.HttpVersionRoutingHandler channelRead
INFO: Detected non-HTTP/2 connection.

[debug] [2019-12-01T13:49:54.881Z] Dec 01, 2019 1:49:54 PM io.gapi.emulators.netty.HttpVersionRoutingHandler channelRead
INFO: Detected non-HTTP/2 connection.

[debug] [2019-12-01T13:50:08.791Z] Dec 01, 2019 1:50:08 PM io.gapi.emulators.netty.HttpVersionRoutingHandler channelRead
INFO: Detected non-HTTP/2 connection.

[debug] [2019-12-01T13:50:08.794Z] Dec 01, 2019 1:50:08 PM com.google.cloud.datastore.emulator.impl.context.EmulatorAuthorization warnAboutSecuredJwt
WARNING: expected an unsecured JWT, the emulator does not validate JWTs and IS NOT SECURE

[debug] [2019-12-01T13:50:08.813Z] Dec 01, 2019 1:50:08 PM io.gapi.emulators.netty.HttpVersionRoutingHandler channelRead
INFO: Detected non-HTTP/2 connection.

[debug] [2019-12-01T13:50:09.501Z] Dec 01, 2019 1:50:09 PM io.gapi.emulators.netty.HttpVersionRoutingHandler channelRead
INFO: Detected non-HTTP/2 connection.

[debug] [2019-12-01T13:50:09.504Z] Dec 01, 2019 1:50:09 PM com.google.cloud.datastore.emulator.impl.context.EmulatorAuthorization warnAboutSecuredJwt
WARNING: expected an unsecured JWT, the emulator does not validate JWTs and IS NOT SECURE

[debug] [2019-12-01T13:50:09.524Z] Dec 01, 2019 1:50:09 PM io.gapi.emulators.netty.HttpVersionRoutingHandler channelRead
INFO: Detected non-HTTP/2 connection.

[debug] [2019-12-01T13:50:14.528Z] Dec 01, 2019 1:50:14 PM io.gapi.emulators.netty.HttpVersionRoutingHandler channelRead
INFO: Detected non-HTTP/2 connection.

[debug] [2019-12-01T13:50:14.530Z] Dec 01, 2019 1:50:14 PM com.google.cloud.datastore.emulator.impl.context.EmulatorAuthorization warnAboutSecuredJwt
WARNING: expected an unsecured JWT, the emulator does not validate JWTs and IS NOT SECURE

[debug] [2019-12-01T13:50:14.541Z] Dec 01, 2019 1:50:14 PM io.gapi.emulators.netty.HttpVersionRoutingHandler channelRead
INFO: Detected non-HTTP/2 connection.

[debug] [2019-12-01T13:50:15.479Z] Dec 01, 2019 1:50:15 PM io.gapi.emulators.netty.HttpVersionRoutingHandler channelRead
INFO: Detected non-HTTP/2 connection.

[debug] [2019-12-01T13:50:15.481Z] Dec 01, 2019 1:50:15 PM com.google.cloud.datastore.emulator.impl.context.EmulatorAuthorization warnAboutSecuredJwt
WARNING: expected an unsecured JWT, the emulator does not validate JWTs and IS NOT SECURE

[debug] [2019-12-01T13:50:15.494Z] Dec 01, 2019 1:50:15 PM io.gapi.emulators.netty.HttpVersionRoutingHandler channelRead
INFO: Detected non-HTTP/2 connection.

[debug] [2019-12-01T13:50:51.575Z] Dec 01, 2019 1:50:51 PM io.gapi.emulators.netty.HttpVersionRoutingHandler channelRead
INFO: Detected non-HTTP/2 connection.
Dec 01, 2019 1:50:51 PM io.gapi.emulators.netty.HttpVersionRoutingHandler channelRead
INFO: Detected non-HTTP/2 connection.

[debug] [2019-12-01T13:50:51.578Z] Dec 01, 2019 1:50:51 PM com.google.cloud.datastore.emulator.impl.context.EmulatorAuthorization warnAboutSecuredJwt
WARNING: expected an unsecured JWT, the emulator does not validate JWTs and IS NOT SECURE

[debug] [2019-12-01T13:50:51.580Z] Dec 01, 2019 1:50:51 PM com.google.cloud.datastore.emulator.impl.context.EmulatorAuthorization warnAboutSecuredJwt
WARNING: expected an unsecured JWT, the emulator does not validate JWTs and IS NOT SECURE

[debug] [2019-12-01T13:50:51.595Z] Dec 01, 2019 1:50:51 PM io.gapi.emulators.netty.HttpVersionRoutingHandler channelRead
INFO: Detected non-HTTP/2 connection.

[debug] [2019-12-01T13:50:51.599Z] Dec 01, 2019 1:50:51 PM io.gapi.emulators.netty.HttpVersionRoutingHandler channelRead
INFO: Detected non-HTTP/2 connection.

[debug] [2019-12-01T13:50:54.803Z] Dec 01, 2019 1:50:54 PM io.gapi.emulators.netty.HttpVersionRoutingHandler channelRead
INFO: Detected non-HTTP/2 connection.

[debug] [2019-12-01T13:50:54.803Z] Dec 01, 2019 1:50:54 PM io.gapi.emulators.netty.HttpVersionRoutingHandler channelRead
INFO: Detected non-HTTP/2 connection.

[debug] [2019-12-01T13:50:54.805Z] Dec 01, 2019 1:50:54 PM com.google.cloud.datastore.emulator.impl.context.EmulatorAuthorization warnAboutSecuredJwt
WARNING: expected an unsecured JWT, the emulator does not validate JWTs and IS NOT SECURE

[debug] [2019-12-01T13:50:54.806Z] Dec 01, 2019 1:50:54 PM com.google.cloud.datastore.emulator.impl.context.EmulatorAuthorization warnAboutSecuredJwt
WARNING: expected an unsecured JWT, the emulator does not validate JWTs and IS NOT SECURE

[debug] [2019-12-01T13:50:54.818Z] Dec 01, 2019 1:50:54 PM io.gapi.emulators.netty.HttpVersionRoutingHandler channelRead
INFO: Detected non-HTTP/2 connection.

[debug] [2019-12-01T13:50:54.820Z] Dec 01, 2019 1:50:54 PM io.gapi.emulators.netty.HttpVersionRoutingHandler channelRead
INFO: Detected non-HTTP/2 connection.

[debug] [2019-12-01T13:51:10.559Z] Dec 01, 2019 1:51:10 PM io.gapi.emulators.netty.HttpVersionRoutingHandler channelRead
INFO: Detected non-HTTP/2 connection.

[debug] [2019-12-01T13:51:10.559Z] Dec 01, 2019 1:51:10 PM io.gapi.emulators.netty.HttpVersionRoutingHandler channelRead
INFO: Detected non-HTTP/2 connection.

[debug] [2019-12-01T13:51:10.561Z] Dec 01, 2019 1:51:10 PM com.google.cloud.datastore.emulator.impl.context.EmulatorAuthorization warnAboutSecuredJwt
WARNING: expected an unsecured JWT, the emulator does not validate JWTs and IS NOT SECURE

[debug] [2019-12-01T13:51:10.562Z] Dec 01, 2019 1:51:10 PM com.google.cloud.datastore.emulator.impl.context.EmulatorAuthorization warnAboutSecuredJwt
WARNING: expected an unsecured JWT, the emulator does not validate JWTs and IS NOT SECURE

[debug] [2019-12-01T13:51:10.586Z] Dec 01, 2019 1:51:10 PM io.gapi.emulators.netty.HttpVersionRoutingHandler channelRead
INFO: Detected non-HTTP/2 connection.

[debug] [2019-12-01T13:51:10.590Z] Dec 01, 2019 1:51:10 PM io.gapi.emulators.netty.HttpVersionRoutingHandler channelRead
INFO: Detected non-HTTP/2 connection.

[debug] [2019-12-01T13:51:12.478Z] Dec 01, 2019 1:51:12 PM io.gapi.emulators.netty.HttpVersionRoutingHandler channelRead
INFO: Detected non-HTTP/2 connection.

[debug] [2019-12-01T13:51:12.479Z] Dec 01, 2019 1:51:12 PM io.gapi.emulators.netty.HttpVersionRoutingHandler channelRead
INFO: Detected non-HTTP/2 connection.

[debug] [2019-12-01T13:51:12.481Z] Dec 01, 2019 1:51:12 PM com.google.cloud.datastore.emulator.impl.context.EmulatorAuthorization warnAboutSecuredJwt
WARNING: expected an unsecured JWT, the emulator does not validate JWTs and IS NOT SECURE

[debug] [2019-12-01T13:51:12.482Z] Dec 01, 2019 1:51:12 PM com.google.cloud.datastore.emulator.impl.context.EmulatorAuthorization warnAboutSecuredJwt
WARNING: expected an unsecured JWT, the emulator does not validate JWTs and IS NOT SECURE

[debug] [2019-12-01T13:51:12.496Z] Dec 01, 2019 1:51:12 PM io.gapi.emulators.netty.HttpVersionRoutingHandler channelRead
INFO: Detected non-HTTP/2 connection.

[debug] [2019-12-01T13:51:12.497Z] Dec 01, 2019 1:51:12 PM io.gapi.emulators.netty.HttpVersionRoutingHandler channelRead
INFO: Detected non-HTTP/2 connection.

[debug] [2019-12-01T13:51:14.622Z] Dec 01, 2019 1:51:14 PM io.gapi.emulators.netty.HttpVersionRoutingHandler channelRead
INFO: Detected non-HTTP/2 connection.

[debug] [2019-12-01T13:51:14.624Z] Dec 01, 2019 1:51:14 PM com.google.cloud.datastore.emulator.impl.context.EmulatorAuthorization warnAboutSecuredJwt
WARNING: expected an unsecured JWT, the emulator does not validate JWTs and IS NOT SECURE

[debug] [2019-12-01T13:51:14.736Z] Dec 01, 2019 1:51:14 PM io.gapi.emulators.netty.HttpVersionRoutingHandler channelRead
INFO: Detected non-HTTP/2 connection.

[debug] [2019-12-01T13:51:15.670Z] Dec 01, 2019 1:51:15 PM io.gapi.emulators.netty.HttpVersionRoutingHandler channelRead
INFO: Detected non-HTTP/2 connection.

[debug] [2019-12-01T13:51:15.671Z] Dec 01, 2019 1:51:15 PM com.google.cloud.datastore.emulator.impl.context.EmulatorAuthorization warnAboutSecuredJwt
WARNING: expected an unsecured JWT, the emulator does not validate JWTs and IS NOT SECURE

[debug] [2019-12-01T13:51:15.680Z] Dec 01, 2019 1:51:15 PM io.gapi.emulators.netty.HttpVersionRoutingHandler channelRead
INFO: Detected non-HTTP/2 connection.

[debug] [2019-12-01T13:51:16.065Z] Dec 01, 2019 1:51:16 PM io.gapi.emulators.netty.HttpVersionRoutingHandler channelRead
INFO: Detected non-HTTP/2 connection.

[debug] [2019-12-01T13:51:16.066Z] Dec 01, 2019 1:51:16 PM com.google.cloud.datastore.emulator.impl.context.EmulatorAuthorization warnAboutSecuredJwt
WARNING: expected an unsecured JWT, the emulator does not validate JWTs and IS NOT SECURE

[debug] [2019-12-01T13:51:16.071Z] Dec 01, 2019 1:51:16 PM io.gapi.emulators.netty.HttpVersionRoutingHandler channelRead
INFO: Detected non-HTTP/2 connection.

[debug] [2019-12-01T13:51:16.078Z] Dec 01, 2019 1:51:16 PM io.gapi.emulators.netty.HttpVersionRoutingHandler channelRead
INFO: Detected non-HTTP/2 connection.

[debug] [2019-12-01T13:51:20.244Z] Dec 01, 2019 1:51:20 PM io.gapi.emulators.netty.HttpVersionRoutingHandler channelRead
INFO: Detected non-HTTP/2 connection.

